<?xml version="1.0" encoding="UTF-8"?>
<testng-results ignored="0" total="3" passed="3" failed="0" skipped="0">
  <reporter-output>
  </reporter-output>
  <suite started-at="2024-12-14T10:14:39 IST" name="Suite" finished-at="2024-12-14T10:14:39 IST" duration-ms="75">
    <groups>
    </groups>
    <test started-at="2024-12-14T10:14:39 IST" name="Test" finished-at="2024-12-14T10:14:39 IST" duration-ms="75">
      <class name="TestNg.SampleTest1">
        <test-method signature="m1()[pri:0, instance:TestNg.SampleTest1@40ef3420]" started-at="2024-12-14T10:14:39 IST" name="m1" finished-at="2024-12-14T10:14:39 IST" duration-ms="10" status="PASS">
          <reporter-output>
          </reporter-output>
        </test-method> <!-- m1 -->
        <test-method signature="m2()[pri:0, instance:TestNg.SampleTest1@40ef3420]" started-at="2024-12-14T10:14:39 IST" name="m2" finished-at="2024-12-14T10:14:39 IST" duration-ms="2" status="PASS">
          <reporter-output>
          </reporter-output>
        </test-method> <!-- m2 -->
      </class> <!-- TestNg.SampleTest1 -->
      <class name="TestNg.SampleTest">
        <test-method signature="s1()[pri:0, instance:TestNg.SampleTest@5fdcaa40]" started-at="2024-12-14T10:14:39 IST" name="s1" finished-at="2024-12-14T10:14:39 IST" duration-ms="1" status="PASS">
          <reporter-output>
          </reporter-output>
        </test-method> <!-- s1 -->
      </class> <!-- TestNg.SampleTest -->
    </test> <!-- Test -->
  </suite> <!-- Suite -->
</testng-results>
